build/app/intermediates/manifest_merge_blame_file/release/manifest-merger-blame-release-report.txt
1<?xml version="1.0" encoding="utf-8"?>
2<manifest xmlns:android="http://schemas.android.com/apk/res/android"
3    package="com.example.calories_counter"
4    android:versionCode="1"
5    android:versionName="1.0.0" >
6
7    <uses-sdk
8        android:minSdkVersion="23"
8-->src/main/AndroidManifest.xml
9        android:targetSdkVersion="31" />
9-->src/main/AndroidManifest.xml
10
11    <queries>
11-->src/main/AndroidManifest.xml:2:2-4:12
12        <provider android:authorities="com.facebook.katana.provider.PlatformProvider" />
12-->src/main/AndroidManifest.xml:3:3-82
12-->src/main/AndroidManifest.xml:3:13-80
13        <!-- For browser content -->
14        <intent>
14-->[com.google.android.gms:play-services-ads-lite:20.4.0] AndroidManifest.xml:31:9-37:18
15            <action android:name="android.intent.action.VIEW" />
15-->src/main/AndroidManifest.xml:14:5-56
15-->src/main/AndroidManifest.xml:14:13-54
16
17            <category android:name="android.intent.category.BROWSABLE" />
17-->src/main/AndroidManifest.xml:16:5-65
17-->src/main/AndroidManifest.xml:16:15-63
18
19            <data android:scheme="https" />
19-->src/main/AndroidManifest.xml:17:5-62
19-->src/main/AndroidManifest.xml:17:11-60
20        </intent> <!-- End of browser content -->
21        <!-- For CustomTabsService -->
22        <intent>
22-->[com.google.android.gms:play-services-ads-lite:20.4.0] AndroidManifest.xml:40:9-42:18
23            <action android:name="android.support.customtabs.action.CustomTabsService" />
23-->[com.google.android.gms:play-services-ads-lite:20.4.0] AndroidManifest.xml:41:13-90
23-->[com.google.android.gms:play-services-ads-lite:20.4.0] AndroidManifest.xml:41:21-87
24        </intent>
25
26        <package android:name="com.android.vending" />
26-->[com.adcolony:sdk:4.6.5] AndroidManifest.xml:16:9-55
26-->[com.adcolony:sdk:4.6.5] AndroidManifest.xml:16:18-52
27        <package android:name="com.amazon.venezia" />
27-->[com.adcolony:sdk:4.6.5] AndroidManifest.xml:17:9-54
27-->[com.adcolony:sdk:4.6.5] AndroidManifest.xml:17:18-51
28        <package android:name="com.sec.android.app.samsungapps" />
28-->[com.adcolony:sdk:4.6.5] AndroidManifest.xml:18:9-67
28-->[com.adcolony:sdk:4.6.5] AndroidManifest.xml:18:18-64
29        <package android:name="com.huawei.appmarket" />
29-->[com.adcolony:sdk:4.6.5] AndroidManifest.xml:19:9-56
29-->[com.adcolony:sdk:4.6.5] AndroidManifest.xml:19:18-53
30    </queries>
31
32    <uses-permission android:name="android.permission.INTERNET" />
32-->src/main/AndroidManifest.xml:5:2-63
32-->src/main/AndroidManifest.xml:5:19-61
33    <uses-permission android:name="android.permission.ACCESS_NETWORK_STATE" />
33-->[com.google.firebase:firebase-auth:21.0.1] AndroidManifest.xml:24:5-79
33-->[com.google.firebase:firebase-auth:21.0.1] AndroidManifest.xml:24:22-76
34    <uses-permission android:name="android.permission.WAKE_LOCK" />
34-->[com.google.android.gms:play-services-measurement-api:20.0.2] AndroidManifest.xml:24:5-68
34-->[com.google.android.gms:play-services-measurement-api:20.0.2] AndroidManifest.xml:24:22-65
35    <uses-permission android:name="com.google.android.finsky.permission.BIND_GET_INSTALL_REFERRER_SERVICE" />
35-->[com.google.android.gms:play-services-measurement:20.0.2] AndroidManifest.xml:26:5-110
35-->[com.google.android.gms:play-services-measurement:20.0.2] AndroidManifest.xml:26:22-107
36    <uses-permission android:name="com.google.android.gms.permission.AD_ID" />
36-->[com.google.android.gms:play-services-ads-lite:20.4.0] AndroidManifest.xml:25:5-79
36-->[com.google.android.gms:play-services-ads-lite:20.4.0] AndroidManifest.xml:25:22-76
37    <uses-permission android:name="android.permission.RECEIVE_BOOT_COMPLETED" />
37-->[androidx.work:work-runtime:2.7.0] AndroidManifest.xml:27:5-81
37-->[androidx.work:work-runtime:2.7.0] AndroidManifest.xml:27:22-78
38    <uses-permission android:name="android.permission.FOREGROUND_SERVICE" />
38-->[androidx.work:work-runtime:2.7.0] AndroidManifest.xml:28:5-77
38-->[androidx.work:work-runtime:2.7.0] AndroidManifest.xml:28:22-74
39    <uses-permission android:name="com.android.vending.BILLING" />
39-->[com.android.billingclient:billing:3.0.2] AndroidManifest.xml:10:5-67
39-->[com.android.billingclient:billing:3.0.2] AndroidManifest.xml:10:22-64
40
41    <application
42        android:name="android.app.Application"
42-->src/main/AndroidManifest.xml:6:45-78
43        android:appComponentFactory="androidx.core.app.CoreComponentFactory"
43-->[androidx.core:core:1.6.0] AndroidManifest.xml:24:18-86
44        android:extractNativeLibs="false"
45        android:icon="@mipmap/ic_launcher"
45-->src/main/AndroidManifest.xml:6:79-113
46        android:label="Portion Diary"
46-->src/main/AndroidManifest.xml:6:15-44
47        android:supportsRtl="true" >
47-->[com.facebook.android:facebook-android-sdk:12.3.0] AndroidManifest.xml:28:18-44
48        <meta-data
48-->src/main/AndroidManifest.xml:7:3-87
49            android:name="applovin.sdk.key"
49-->src/main/AndroidManifest.xml:7:14-45
50            android:value="KEY-OF-APPLOVIN-SDK-123" />
50-->src/main/AndroidManifest.xml:7:46-85
51        <meta-data
51-->src/main/AndroidManifest.xml:8:3-127
52            android:name="com.google.android.gms.ads.APPLICATION_ID"
52-->src/main/AndroidManifest.xml:8:14-70
53            android:value="ca-app-pub-3940256099942544~3347511713" />
53-->src/main/AndroidManifest.xml:8:71-125
54        <meta-data
54-->src/main/AndroidManifest.xml:9:3-101
55            android:name="com.facebook.sdk.ApplicationId"
55-->src/main/AndroidManifest.xml:9:14-59
56            android:value="@string/facebook_app_id" />
56-->src/main/AndroidManifest.xml:9:60-99
57        <meta-data
57-->src/main/AndroidManifest.xml:10:3-105
58            android:name="com.facebook.sdk.ClientToken"
58-->src/main/AndroidManifest.xml:10:14-57
59            android:value="@string/facebook_client_token" />
59-->src/main/AndroidManifest.xml:10:58-103
60
61        <activity
61-->src/main/AndroidManifest.xml:11:3-176
62            android:name="com.facebook.FacebookActivity"
62-->src/main/AndroidManifest.xml:11:13-57
63            android:configChanges="keyboard|keyboardHidden|screenLayout|screenSize|orientation"
63-->src/main/AndroidManifest.xml:11:58-141
64            android:label="@string/app_name"
64-->src/main/AndroidManifest.xml:11:142-174
65            android:theme="@style/com_facebook_activity_theme" />
65-->[com.facebook.android:facebook-common:12.3.0] AndroidManifest.xml:33:13-63
66        <activity
66-->src/main/AndroidManifest.xml:12:3-19:14
67            android:name="com.facebook.CustomTabActivity"
67-->src/main/AndroidManifest.xml:12:13-58
68            android:exported="true" >
68-->src/main/AndroidManifest.xml:12:59-82
69            <intent-filter>
69-->src/main/AndroidManifest.xml:13:4-18:20
70                <action android:name="android.intent.action.VIEW" />
70-->src/main/AndroidManifest.xml:14:5-56
70-->src/main/AndroidManifest.xml:14:13-54
71
72                <category android:name="android.intent.category.DEFAULT" />
72-->src/main/AndroidManifest.xml:15:5-63
72-->src/main/AndroidManifest.xml:15:15-61
73                <category android:name="android.intent.category.BROWSABLE" />
73-->src/main/AndroidManifest.xml:16:5-65
73-->src/main/AndroidManifest.xml:16:15-63
74
75                <data android:scheme="@string/fb_login_protocol_scheme" />
75-->src/main/AndroidManifest.xml:17:5-62
75-->src/main/AndroidManifest.xml:17:11-60
76            </intent-filter>
77            <intent-filter>
77-->[com.facebook.android:facebook-common:12.3.0] AndroidManifest.xml:39:13-48:29
78                <action android:name="android.intent.action.VIEW" />
78-->src/main/AndroidManifest.xml:14:5-56
78-->src/main/AndroidManifest.xml:14:13-54
79
80                <category android:name="android.intent.category.DEFAULT" />
80-->src/main/AndroidManifest.xml:15:5-63
80-->src/main/AndroidManifest.xml:15:15-61
81                <category android:name="android.intent.category.BROWSABLE" />
81-->src/main/AndroidManifest.xml:16:5-65
81-->src/main/AndroidManifest.xml:16:15-63
82
83                <data
83-->src/main/AndroidManifest.xml:17:5-62
84                    android:host="cct.com.example.calories_counter"
85                    android:scheme="fbconnect" />
85-->src/main/AndroidManifest.xml:17:11-60
86            </intent-filter>
87        </activity>
88        <activity
88-->src/main/AndroidManifest.xml:20:3-30:14
89            android:name="com.example.calories_counter.MainActivity"
89-->src/main/AndroidManifest.xml:20:13-41
90            android:configChanges="orientation|keyboardHidden|keyboard|screenSize|smallestScreenSize|locale|layoutDirection|fontScale|screenLayout|density|uiMode"
90-->src/main/AndroidManifest.xml:20:132-282
91            android:exported="true"
91-->src/main/AndroidManifest.xml:20:42-65
92            android:hardwareAccelerated="true"
92-->src/main/AndroidManifest.xml:20:283-317
93            android:launchMode="singleTop"
93-->src/main/AndroidManifest.xml:20:66-96
94            android:theme="@style/LaunchTheme"
94-->src/main/AndroidManifest.xml:20:97-131
95            android:windowSoftInputMode="adjustResize" >
95-->src/main/AndroidManifest.xml:20:318-360
96
97            <!--
98                 Specifies an Android theme to apply to this Activity as soon as
99                 the Android process has started. This theme is visible to the user
100                 while the Flutter UI initializes. After that, this theme continues
101                 to determine the Window background behind the Flutter UI.
102            -->
103            <meta-data
103-->src/main/AndroidManifest.xml:25:4-110
104                android:name="io.flutter.embedding.android.NormalTheme"
104-->src/main/AndroidManifest.xml:25:15-70
105                android:resource="@style/NormalTheme" />
105-->src/main/AndroidManifest.xml:25:71-108
106
107            <intent-filter>
107-->src/main/AndroidManifest.xml:26:4-29:20
108                <action android:name="android.intent.action.MAIN" />
108-->src/main/AndroidManifest.xml:27:5-56
108-->src/main/AndroidManifest.xml:27:13-54
109
110                <category android:name="android.intent.category.LAUNCHER" />
110-->src/main/AndroidManifest.xml:28:5-64
110-->src/main/AndroidManifest.xml:28:15-62
111            </intent-filter>
112        </activity>
113        <!--
114             Don't delete the meta-data below.
115             This is used by the Flutter tool to generate GeneratedPluginRegistrant.java
116        -->
117        <meta-data
117-->src/main/AndroidManifest.xml:33:3-65
118            android:name="flutterEmbedding"
118-->src/main/AndroidManifest.xml:33:14-45
119            android:value="2" />
119-->src/main/AndroidManifest.xml:33:46-63
120
121        <service
121-->[:firebase_auth] AndroidManifest.xml:8:9-12:19
122            android:name="com.google.firebase.components.ComponentDiscoveryService"
122-->[:firebase_auth] AndroidManifest.xml:8:18-89
123            android:directBootAware="true"
123-->[com.google.firebase:firebase-common:20.0.0] AndroidManifest.xml:35:13-43
124            android:exported="false" >
124-->[com.google.firebase:firebase-auth:21.0.1] AndroidManifest.xml:76:13-37
125            <meta-data
125-->[:firebase_auth] AndroidManifest.xml:9:13-11:85
126                android:name="com.google.firebase.components:io.flutter.plugins.firebase.auth.FlutterFirebaseAuthRegistrar"
126-->[:firebase_auth] AndroidManifest.xml:10:17-124
127                android:value="com.google.firebase.components.ComponentRegistrar" />
127-->[:firebase_auth] AndroidManifest.xml:11:17-82
128            <meta-data
128-->[:firebase_core] AndroidManifest.xml:9:13-11:85
129                android:name="com.google.firebase.components:io.flutter.plugins.firebase.core.FlutterFirebaseCoreRegistrar"
129-->[:firebase_core] AndroidManifest.xml:10:17-124
130                android:value="com.google.firebase.components.ComponentRegistrar" />
130-->[:firebase_core] AndroidManifest.xml:11:17-82
131            <meta-data
131-->[com.google.firebase:firebase-auth:21.0.1] AndroidManifest.xml:77:13-79:85
132                android:name="com.google.firebase.components:com.google.firebase.auth.FirebaseAuthRegistrar"
132-->[com.google.firebase:firebase-auth:21.0.1] AndroidManifest.xml:78:17-109
133                android:value="com.google.firebase.components.ComponentRegistrar" />
133-->[com.google.firebase:firebase-auth:21.0.1] AndroidManifest.xml:79:17-82
134            <meta-data
134-->[com.google.android.gms:play-services-measurement-api:20.0.2] AndroidManifest.xml:30:13-32:85
135                android:name="com.google.firebase.components:com.google.firebase.analytics.connector.internal.AnalyticsConnectorRegistrar"
135-->[com.google.android.gms:play-services-measurement-api:20.0.2] AndroidManifest.xml:31:17-139
136                android:value="com.google.firebase.components.ComponentRegistrar" />
136-->[com.google.android.gms:play-services-measurement-api:20.0.2] AndroidManifest.xml:32:17-82
137            <meta-data
137-->[com.google.firebase:firebase-installations:17.0.0] AndroidManifest.xml:18:13-20:85
138                android:name="com.google.firebase.components:com.google.firebase.installations.FirebaseInstallationsRegistrar"
138-->[com.google.firebase:firebase-installations:17.0.0] AndroidManifest.xml:19:17-127
139                android:value="com.google.firebase.components.ComponentRegistrar" />
139-->[com.google.firebase:firebase-installations:17.0.0] AndroidManifest.xml:20:17-82
140        </service>
141
142        <meta-data
142-->[:google_mobile_ads] AndroidManifest.xml:10:9-12:36
143            android:name="io.flutter.embedded_views_preview"
143-->[:google_mobile_ads] AndroidManifest.xml:11:13-61
144            android:value="true" />
144-->[:google_mobile_ads] AndroidManifest.xml:12:13-33
145
146        <provider
146-->[:share_plus] AndroidManifest.xml:8:9-16:20
147            android:name="dev.fluttercommunity.plus.share.ShareFileProvider"
147-->[:share_plus] AndroidManifest.xml:9:13-77
148            android:authorities="com.example.calories_counter.flutter.share_provider"
148-->[:share_plus] AndroidManifest.xml:10:13-74
149            android:exported="false"
149-->[:share_plus] AndroidManifest.xml:11:13-37
150            android:grantUriPermissions="true" >
150-->[:share_plus] AndroidManifest.xml:12:13-47
151            <meta-data
151-->[:share_plus] AndroidManifest.xml:13:13-15:68
152                android:name="android.support.FILE_PROVIDER_PATHS"
152-->[:share_plus] AndroidManifest.xml:14:17-67
153                android:resource="@xml/flutter_share_file_paths" />
153-->[:share_plus] AndroidManifest.xml:15:17-65
154        </provider>
155
156        <activity
156-->[:url_launcher_android] AndroidManifest.xml:8:9-11:74
157            android:name="io.flutter.plugins.urllauncher.WebViewActivity"
157-->[:url_launcher_android] AndroidManifest.xml:9:13-74
158            android:exported="false"
158-->[:url_launcher_android] AndroidManifest.xml:10:13-37
159            android:theme="@android:style/Theme.NoTitleBar.Fullscreen" />
159-->[:url_launcher_android] AndroidManifest.xml:11:13-71
160        <activity android:name="com.facebook.CustomTabMainActivity" />
160-->[com.facebook.android:facebook-common:12.3.0] AndroidManifest.xml:34:9-71
160-->[com.facebook.android:facebook-common:12.3.0] AndroidManifest.xml:34:19-68
161        <!--
162         The initialization ContentProvider will call FacebookSdk.sdkInitialize automatically
163         with the application context. This config is merged in with the host app's manifest,
164         but there can only be one provider with the same authority activated at any given
165         point; so if the end user has two or more different apps that use Facebook SDK, only the
166         first one will be able to use the provider. To work around this problem, we use the
167         following placeholder in the authority to identify each host application as if it was
168         a completely different provider.
169        -->
170        <provider
170-->[com.facebook.android:facebook-core:12.3.0] AndroidManifest.xml:39:9-42:40
171            android:name="com.facebook.internal.FacebookInitProvider"
171-->[com.facebook.android:facebook-core:12.3.0] AndroidManifest.xml:40:13-70
172            android:authorities="com.example.calories_counter.FacebookInitProvider"
172-->[com.facebook.android:facebook-core:12.3.0] AndroidManifest.xml:41:13-72
173            android:exported="false" />
173-->[com.facebook.android:facebook-core:12.3.0] AndroidManifest.xml:42:13-37
174
175        <receiver
175-->[com.facebook.android:facebook-core:12.3.0] AndroidManifest.xml:44:9-50:20
176            android:name="com.facebook.CurrentAccessTokenExpirationBroadcastReceiver"
176-->[com.facebook.android:facebook-core:12.3.0] AndroidManifest.xml:45:13-86
177            android:exported="false" >
177-->[com.facebook.android:facebook-core:12.3.0] AndroidManifest.xml:46:13-37
178            <intent-filter>
178-->[com.facebook.android:facebook-core:12.3.0] AndroidManifest.xml:47:13-49:29
179                <action android:name="com.facebook.sdk.ACTION_CURRENT_ACCESS_TOKEN_CHANGED" />
179-->[com.facebook.android:facebook-core:12.3.0] AndroidManifest.xml:48:17-95
179-->[com.facebook.android:facebook-core:12.3.0] AndroidManifest.xml:48:25-92
180            </intent-filter>
181        </receiver>
182        <receiver
182-->[com.facebook.android:facebook-core:12.3.0] AndroidManifest.xml:51:9-57:20
183            android:name="com.facebook.AuthenticationTokenManager$CurrentAuthenticationTokenChangedBroadcastReceiver"
183-->[com.facebook.android:facebook-core:12.3.0] AndroidManifest.xml:52:13-118
184            android:exported="false" >
184-->[com.facebook.android:facebook-core:12.3.0] AndroidManifest.xml:53:13-37
185            <intent-filter>
185-->[com.facebook.android:facebook-core:12.3.0] AndroidManifest.xml:54:13-56:29
186                <action android:name="com.facebook.sdk.ACTION_CURRENT_AUTHENTICATION_TOKEN_CHANGED" />
186-->[com.facebook.android:facebook-core:12.3.0] AndroidManifest.xml:55:17-103
186-->[com.facebook.android:facebook-core:12.3.0] AndroidManifest.xml:55:25-100
187            </intent-filter>
188        </receiver>
189
190        <uses-library
190-->[androidx.window:window:1.0.0-beta04] AndroidManifest.xml:25:9-27:40
191            android:name="androidx.window.extensions"
191-->[androidx.window:window:1.0.0-beta04] AndroidManifest.xml:26:13-54
192            android:required="false" />
192-->[androidx.window:window:1.0.0-beta04] AndroidManifest.xml:27:13-37
193        <uses-library
193-->[androidx.window:window:1.0.0-beta04] AndroidManifest.xml:28:9-30:40
194            android:name="androidx.window.sidecar"
194-->[androidx.window:window:1.0.0-beta04] AndroidManifest.xml:29:13-51
195            android:required="false" />
195-->[androidx.window:window:1.0.0-beta04] AndroidManifest.xml:30:13-37
196
197        <activity
197-->[com.google.firebase:firebase-auth:21.0.1] AndroidManifest.xml:27:9-44:20
198            android:name="com.google.firebase.auth.internal.GenericIdpActivity"
198-->[com.google.firebase:firebase-auth:21.0.1] AndroidManifest.xml:28:13-80
199            android:excludeFromRecents="true"
199-->[com.google.firebase:firebase-auth:21.0.1] AndroidManifest.xml:29:13-46
200            android:exported="true"
200-->[com.google.firebase:firebase-auth:21.0.1] AndroidManifest.xml:30:13-36
201            android:launchMode="singleTask"
201-->[com.google.firebase:firebase-auth:21.0.1] AndroidManifest.xml:31:13-44
202            android:theme="@android:style/Theme.Translucent.NoTitleBar" >
202-->[com.google.firebase:firebase-auth:21.0.1] AndroidManifest.xml:32:13-72
203            <intent-filter>
203-->[com.google.firebase:firebase-auth:21.0.1] AndroidManifest.xml:33:13-43:29
204                <action android:name="android.intent.action.VIEW" />
204-->src/main/AndroidManifest.xml:14:5-56
204-->src/main/AndroidManifest.xml:14:13-54
205
206                <category android:name="android.intent.category.DEFAULT" />
206-->src/main/AndroidManifest.xml:15:5-63
206-->src/main/AndroidManifest.xml:15:15-61
207                <category android:name="android.intent.category.BROWSABLE" />
207-->src/main/AndroidManifest.xml:16:5-65
207-->src/main/AndroidManifest.xml:16:15-63
208
209                <data
209-->src/main/AndroidManifest.xml:17:5-62
210                    android:host="firebase.auth"
211                    android:path="/"
212                    android:scheme="genericidp" />
212-->src/main/AndroidManifest.xml:17:11-60
213            </intent-filter>
214        </activity>
215        <activity
215-->[com.google.firebase:firebase-auth:21.0.1] AndroidManifest.xml:45:9-62:20
216            android:name="com.google.firebase.auth.internal.RecaptchaActivity"
216-->[com.google.firebase:firebase-auth:21.0.1] AndroidManifest.xml:46:13-79
217            android:excludeFromRecents="true"
217-->[com.google.firebase:firebase-auth:21.0.1] AndroidManifest.xml:47:13-46
218            android:exported="true"
218-->[com.google.firebase:firebase-auth:21.0.1] AndroidManifest.xml:48:13-36
219            android:launchMode="singleTask"
219-->[com.google.firebase:firebase-auth:21.0.1] AndroidManifest.xml:49:13-44
220            android:theme="@android:style/Theme.Translucent.NoTitleBar" >
220-->[com.google.firebase:firebase-auth:21.0.1] AndroidManifest.xml:50:13-72
221            <intent-filter>
221-->[com.google.firebase:firebase-auth:21.0.1] AndroidManifest.xml:51:13-61:29
222                <action android:name="android.intent.action.VIEW" />
222-->src/main/AndroidManifest.xml:14:5-56
222-->src/main/AndroidManifest.xml:14:13-54
223
224                <category android:name="android.intent.category.DEFAULT" />
224-->src/main/AndroidManifest.xml:15:5-63
224-->src/main/AndroidManifest.xml:15:15-61
225                <category android:name="android.intent.category.BROWSABLE" />
225-->src/main/AndroidManifest.xml:16:5-65
225-->src/main/AndroidManifest.xml:16:15-63
226
227                <data
227-->src/main/AndroidManifest.xml:17:5-62
228                    android:host="firebase.auth"
229                    android:path="/"
230                    android:scheme="recaptcha" />
230-->src/main/AndroidManifest.xml:17:11-60
231            </intent-filter>
232        </activity>
233
234        <service
234-->[com.google.firebase:firebase-auth:21.0.1] AndroidManifest.xml:64:9-73:19
235            android:name="com.google.firebase.auth.api.fallback.service.FirebaseAuthFallbackService"
235-->[com.google.firebase:firebase-auth:21.0.1] AndroidManifest.xml:65:13-101
236            android:enabled="true"
236-->[com.google.firebase:firebase-auth:21.0.1] AndroidManifest.xml:66:13-35
237            android:exported="false" >
237-->[com.google.firebase:firebase-auth:21.0.1] AndroidManifest.xml:67:13-37
238            <intent-filter>
238-->[com.google.firebase:firebase-auth:21.0.1] AndroidManifest.xml:68:13-72:29
239                <action android:name="com.google.firebase.auth.api.gms.service.START" />
239-->[com.google.firebase:firebase-auth:21.0.1] AndroidManifest.xml:69:17-89
239-->[com.google.firebase:firebase-auth:21.0.1] AndroidManifest.xml:69:25-86
240
241                <category android:name="android.intent.category.DEFAULT" />
241-->src/main/AndroidManifest.xml:15:5-63
241-->src/main/AndroidManifest.xml:15:15-61
242            </intent-filter>
243        </service>
244
245        <activity
245-->[com.google.android.gms:play-services-auth:20.0.1] AndroidManifest.xml:23:9-27:75
246            android:name="com.google.android.gms.auth.api.signin.internal.SignInHubActivity"
246-->[com.google.android.gms:play-services-auth:20.0.1] AndroidManifest.xml:24:13-93
247            android:excludeFromRecents="true"
247-->[com.google.android.gms:play-services-auth:20.0.1] AndroidManifest.xml:25:13-46
248            android:exported="false"
248-->[com.google.android.gms:play-services-auth:20.0.1] AndroidManifest.xml:26:13-37
249            android:theme="@android:style/Theme.Translucent.NoTitleBar" />
249-->[com.google.android.gms:play-services-auth:20.0.1] AndroidManifest.xml:27:13-72
250        <!--
251            Service handling Google Sign-In user revocation. For apps that do not integrate with
252            Google Sign-In, this service will never be started.
253        -->
254        <service
254-->[com.google.android.gms:play-services-auth:20.0.1] AndroidManifest.xml:33:9-37:51
255            android:name="com.google.android.gms.auth.api.signin.RevocationBoundService"
255-->[com.google.android.gms:play-services-auth:20.0.1] AndroidManifest.xml:34:13-89
256            android:exported="true"
256-->[com.google.android.gms:play-services-auth:20.0.1] AndroidManifest.xml:35:13-36
257            android:permission="com.google.android.gms.auth.api.signin.permission.REVOCATION_NOTIFICATION"
257-->[com.google.android.gms:play-services-auth:20.0.1] AndroidManifest.xml:36:13-107
258            android:visibleToInstantApps="true" />
258-->[com.google.android.gms:play-services-auth:20.0.1] AndroidManifest.xml:37:13-48
259
260        <activity
260-->[com.google.ads.mediation:adcolony:4.6.5.0] AndroidManifest.xml:10:9-14:50
261            android:name="com.adcolony.sdk.AdColonyInterstitialActivity"
261-->[com.google.ads.mediation:adcolony:4.6.5.0] AndroidManifest.xml:11:13-73
262            android:configChanges="keyboardHidden|orientation|screenSize"
262-->[com.google.ads.mediation:adcolony:4.6.5.0] AndroidManifest.xml:12:13-74
263            android:exported="false"
263-->[com.google.ads.mediation:adcolony:4.6.5.0] AndroidManifest.xml:13:13-37
264            android:hardwareAccelerated="true" />
264-->[com.google.ads.mediation:adcolony:4.6.5.0] AndroidManifest.xml:14:13-47
265
266        <provider
266-->[com.google.firebase:firebase-common:20.0.0] AndroidManifest.xml:26:9-31:39
267            android:name="com.google.firebase.provider.FirebaseInitProvider"
267-->[com.google.firebase:firebase-common:20.0.0] AndroidManifest.xml:27:13-77
268            android:authorities="com.example.calories_counter.firebaseinitprovider"
268-->[com.google.firebase:firebase-common:20.0.0] AndroidManifest.xml:28:13-72
269            android:directBootAware="true"
269-->[com.google.firebase:firebase-common:20.0.0] AndroidManifest.xml:29:13-43
270            android:exported="false"
270-->[com.google.firebase:firebase-common:20.0.0] AndroidManifest.xml:30:13-37
271            android:initOrder="100" />
271-->[com.google.firebase:firebase-common:20.0.0] AndroidManifest.xml:31:13-36
272
273        <receiver
273-->[com.google.android.gms:play-services-measurement:20.0.2] AndroidManifest.xml:29:9-33:20
274            android:name="com.google.android.gms.measurement.AppMeasurementReceiver"
274-->[com.google.android.gms:play-services-measurement:20.0.2] AndroidManifest.xml:30:13-85
275            android:enabled="true"
275-->[com.google.android.gms:play-services-measurement:20.0.2] AndroidManifest.xml:31:13-35
276            android:exported="false" >
276-->[com.google.android.gms:play-services-measurement:20.0.2] AndroidManifest.xml:32:13-37
277        </receiver>
278
279        <service
279-->[com.google.android.gms:play-services-measurement:20.0.2] AndroidManifest.xml:35:9-38:40
280            android:name="com.google.android.gms.measurement.AppMeasurementService"
280-->[com.google.android.gms:play-services-measurement:20.0.2] AndroidManifest.xml:36:13-84
281            android:enabled="true"
281-->[com.google.android.gms:play-services-measurement:20.0.2] AndroidManifest.xml:37:13-35
282            android:exported="false" />
282-->[com.google.android.gms:play-services-measurement:20.0.2] AndroidManifest.xml:38:13-37
283        <service
283-->[com.google.android.gms:play-services-measurement:20.0.2] AndroidManifest.xml:39:9-43:72
284            android:name="com.google.android.gms.measurement.AppMeasurementJobService"
284-->[com.google.android.gms:play-services-measurement:20.0.2] AndroidManifest.xml:40:13-87
285            android:enabled="true"
285-->[com.google.android.gms:play-services-measurement:20.0.2] AndroidManifest.xml:41:13-35
286            android:exported="false"
286-->[com.google.android.gms:play-services-measurement:20.0.2] AndroidManifest.xml:42:13-37
287            android:permission="android.permission.BIND_JOB_SERVICE" />
287-->[com.google.android.gms:play-services-measurement:20.0.2] AndroidManifest.xml:43:13-69
288
289        <activity
289-->[com.google.android.gms:play-services-base:18.0.1] AndroidManifest.xml:20:9-22:45
290            android:name="com.google.android.gms.common.api.GoogleApiActivity"
290-->[com.google.android.gms:play-services-base:18.0.1] AndroidManifest.xml:20:19-85
291            android:exported="false"
291-->[com.google.android.gms:play-services-base:18.0.1] AndroidManifest.xml:22:19-43
292            android:theme="@android:style/Theme.Translucent.NoTitleBar" />
292-->[com.google.android.gms:play-services-base:18.0.1] AndroidManifest.xml:21:19-78
293        <activity
293-->[com.facebook.android:audience-network-sdk:6.0.0] AndroidManifest.xml:15:9-19:75
294            android:name="com.facebook.ads.AudienceNetworkActivity"
294-->[com.facebook.android:audience-network-sdk:6.0.0] AndroidManifest.xml:16:13-68
295            android:configChanges="keyboardHidden|orientation|screenSize"
295-->[com.facebook.android:audience-network-sdk:6.0.0] AndroidManifest.xml:17:13-74
296            android:exported="false"
296-->[com.facebook.android:audience-network-sdk:6.0.0] AndroidManifest.xml:18:13-37
297            android:theme="@android:style/Theme.Translucent.NoTitleBar" />
297-->[com.facebook.android:audience-network-sdk:6.0.0] AndroidManifest.xml:19:13-72
298
299        <provider
299-->[com.facebook.android:audience-network-sdk:6.0.0] AndroidManifest.xml:21:9-24:40